<?xml version="1.0" encoding="UTF-8"?>
<robot generator="Robot 3.1.2 (Python 3.7.4 on win32)" generated="20190906 00:09:26.975" rpa="false">
<suite id="s1" name="Test" source="C:\Users\koga\Desktop\code\robot_framework\test\test.robot">
<test id="s1-t1" name="Googleでみんなのpython勉強会を検索するテスト">
<kw name="Chromeで${url}を開く" library="keywords">
<kw name="Open Browser" library="SeleniumLibrary">
<doc>Opens a new browser instance to the given ``url``.</doc>
<arguments>
<arg>${url}</arg>
<arg>Chrome</arg>
</arguments>
<msg timestamp="20190906 00:09:27.146" level="INFO">Opening browser 'Chrome' to base url 'https://google.co.jp'.</msg>
<status status="PASS" starttime="20190906 00:09:27.145" endtime="20190906 00:09:34.790"></status>
</kw>
<status status="PASS" starttime="20190906 00:09:27.145" endtime="20190906 00:09:34.790"></status>
</kw>
<kw name="${keyword}を検索する" library="keywords">
<kw name="Input Text" library="SeleniumLibrary">
<doc>Types the given ``text`` into text field identified by ``locator``.</doc>
<arguments>
<arg>name=q</arg>
<arg>みんなのPython勉強会</arg>
</arguments>
<msg timestamp="20190906 00:09:34.791" level="INFO">Typing text 'みんなのPython勉強会' into text field 'name=q'.</msg>
<status status="PASS" starttime="20190906 00:09:34.791" endtime="20190906 00:09:34.879"></status>
</kw>
<kw name="Press Key" library="SeleniumLibrary">
<doc>Deprecated use `Press Keys` instead.</doc>
<arguments>
<arg>name=q</arg>
<arg>\\13</arg>
</arguments>
<status status="PASS" starttime="20190906 00:09:34.879" endtime="20190906 00:09:37.985"></status>
</kw>
<status status="PASS" starttime="20190906 00:09:34.790" endtime="20190906 00:09:37.985"></status>
</kw>
<kw name="結果を取得する" library="keywords">
<assign>
<var>${links}</var>
</assign>
<kw name="Get WebElements" library="SeleniumLibrary">
<doc>Returns list of WebElement objects matching the ``locator``.</doc>
<arguments>
<arg>css=h3 &gt; div</arg>
</arguments>
<assign>
<var>${links}</var>
</assign>
<msg timestamp="20190906 00:09:37.996" level="INFO">${links} = [&lt;selenium.webdriver.remote.webelement.WebElement (session="72c62427a71c2f9a300e6d11c2b4a599", element="eb72799d-1651-43d4-8e31-b7815c72cede")&gt;, &lt;selenium.webdriver.remote.webelement.WebElement (sessi...</msg>
<status status="PASS" starttime="20190906 00:09:37.986" endtime="20190906 00:09:37.996"></status>
</kw>
<msg timestamp="20190906 00:09:37.996" level="INFO">${links} = [&lt;selenium.webdriver.remote.webelement.WebElement (session="72c62427a71c2f9a300e6d11c2b4a599", element="eb72799d-1651-43d4-8e31-b7815c72cede")&gt;, &lt;selenium.webdriver.remote.webelement.WebElement (sessi...</msg>
<status status="PASS" starttime="20190906 00:09:37.986" endtime="20190906 00:09:37.996"></status>
</kw>
<kw name="結果をターミナルに出力する" library="keywords">
<arguments>
<arg>links=${links}</arg>
</arguments>
<kw name="${link} IN [ @{links} ]" type="for">
<kw name="${link} = &lt;selenium.webdriver.remote.webelement.WebElement (session=&quot;72c62427a71c2f9a300e6d11c2b4a599&quot;, element=&quot;eb72799d-1651-43d4-8e31-b7815c72cede&quot;)&gt;" type="foritem">
<kw name="Get Text" library="SeleniumLibrary">
<doc>Returns the text value of element identified by ``locator``.</doc>
<arguments>
<arg>${link}</arg>
</arguments>
<assign>
<var>${text}</var>
</assign>
<msg timestamp="20190906 00:09:38.009" level="INFO">${text} = Start Python Club - connpass</msg>
<status status="PASS" starttime="20190906 00:09:37.997" endtime="20190906 00:09:38.009"></status>
</kw>
<kw name="Log To Console" library="BuiltIn">
<doc>Logs the given message to the console.</doc>
<arguments>
<arg>${text}</arg>
</arguments>
<status status="PASS" starttime="20190906 00:09:38.009" endtime="20190906 00:09:38.009"></status>
</kw>
<status status="PASS" starttime="20190906 00:09:37.997" endtime="20190906 00:09:38.009"></status>
</kw>
<kw name="${link} = &lt;selenium.webdriver.remote.webelement.WebElement (session=&quot;72c62427a71c2f9a300e6d11c2b4a599&quot;, element=&quot;b37bb7dc-4b22-455d-b9d7-8121a471b487&quot;)&gt;" type="foritem">
<kw name="Get Text" library="SeleniumLibrary">
<doc>Returns the text value of element identified by ``locator``.</doc>
<arguments>
<arg>${link}</arg>
</arguments>
<assign>
<var>${text}</var>
</assign>
<msg timestamp="20190906 00:09:38.020" level="INFO">${text} = みんなのPython勉強会#42｜IT勉強会ならTECH PLAY［テックプレイ］</msg>
<status status="PASS" starttime="20190906 00:09:38.010" endtime="20190906 00:09:38.020"></status>
</kw>
<kw name="Log To Console" library="BuiltIn">
<doc>Logs the given message to the console.</doc>
<arguments>
<arg>${text}</arg>
</arguments>
<status status="PASS" starttime="20190906 00:09:38.020" endtime="20190906 00:09:38.023"></status>
</kw>
<status status="PASS" starttime="20190906 00:09:38.009" endtime="20190906 00:09:38.023"></status>
</kw>
<kw name="${link} = &lt;selenium.webdriver.remote.webelement.WebElement (session=&quot;72c62427a71c2f9a300e6d11c2b4a599&quot;, element=&quot;6e1312b0-c94a-418e-894e-05a6765513ab&quot;)&gt;" type="foritem">
<kw name="Get Text" library="SeleniumLibrary">
<doc>Returns the text value of element identified by ``locator``.</doc>
<arguments>
<arg>${link}</arg>
</arguments>
<assign>
<var>${text}</var>
</assign>
<msg timestamp="20190906 00:09:38.035" level="INFO">${text} = みんなのPython勉強会スライド</msg>
<status status="PASS" starttime="20190906 00:09:38.024" endtime="20190906 00:09:38.035"></status>
</kw>
<kw name="Log To Console" library="BuiltIn">
<doc>Logs the given message to the console.</doc>
<arguments>
<arg>${text}</arg>
</arguments>
<status status="PASS" starttime="20190906 00:09:38.035" endtime="20190906 00:09:38.040"></status>
</kw>
<status status="PASS" starttime="20190906 00:09:38.023" endtime="20190906 00:09:38.041"></status>
</kw>
<kw name="${link} = &lt;selenium.webdriver.remote.webelement.WebElement (session=&quot;72c62427a71c2f9a300e6d11c2b4a599&quot;, element=&quot;5c5fb6b9-0389-41d9-a577-cd2e36604992&quot;)&gt;" type="foritem">
<kw name="Get Text" library="SeleniumLibrary">
<doc>Returns the text value of element identified by ``locator``.</doc>
<arguments>
<arg>${link}</arg>
</arguments>
<assign>
<var>${text}</var>
</assign>
<msg timestamp="20190906 00:09:38.051" level="INFO">${text} = みんなのPython勉強会#42 - Above &amp; Beyond</msg>
<status status="PASS" starttime="20190906 00:09:38.041" endtime="20190906 00:09:38.052"></status>
</kw>
<kw name="Log To Console" library="BuiltIn">
<doc>Logs the given message to the console.</doc>
<arguments>
<arg>${text}</arg>
</arguments>
<status status="PASS" starttime="20190906 00:09:38.052" endtime="20190906 00:09:38.057"></status>
</kw>
<status status="PASS" starttime="20190906 00:09:38.041" endtime="20190906 00:09:38.057"></status>
</kw>
<kw name="${link} = &lt;selenium.webdriver.remote.webelement.WebElement (session=&quot;72c62427a71c2f9a300e6d11c2b4a599&quot;, element=&quot;a7ae7281-9fe9-4c6c-b090-52f7816b0556&quot;)&gt;" type="foritem">
<kw name="Get Text" library="SeleniumLibrary">
<doc>Returns the text value of element identified by ``locator``.</doc>
<arguments>
<arg>${link}</arg>
</arguments>
<assign>
<var>${text}</var>
</assign>
<msg timestamp="20190906 00:09:38.069" level="INFO">${text} = コミュニティの雰囲気がわかる！東京のおすすめPython勉強会/本町 ...</msg>
<status status="PASS" starttime="20190906 00:09:38.058" endtime="20190906 00:09:38.069"></status>
</kw>
<kw name="Log To Console" library="BuiltIn">
<doc>Logs the given message to the console.</doc>
<arguments>
<arg>${text}</arg>
</arguments>
<status status="PASS" starttime="20190906 00:09:38.069" endtime="20190906 00:09:38.074"></status>
</kw>
<status status="PASS" starttime="20190906 00:09:38.057" endtime="20190906 00:09:38.074"></status>
</kw>
<kw name="${link} = &lt;selenium.webdriver.remote.webelement.WebElement (session=&quot;72c62427a71c2f9a300e6d11c2b4a599&quot;, element=&quot;e934f790-a370-42f8-b6ae-48d6507f0c2f&quot;)&gt;" type="foritem">
<kw name="Get Text" library="SeleniumLibrary">
<doc>Returns the text value of element identified by ``locator``.</doc>
<arguments>
<arg>${link}</arg>
</arguments>
<assign>
<var>${text}</var>
</assign>
<msg timestamp="20190906 00:09:38.086" level="INFO">${text} = 最近参加してきた みんなのPython勉強会の様子 #stapy - まったりlog残し</msg>
<status status="PASS" starttime="20190906 00:09:38.075" endtime="20190906 00:09:38.086"></status>
</kw>
<kw name="Log To Console" library="BuiltIn">
<doc>Logs the given message to the console.</doc>
<arguments>
<arg>${text}</arg>
</arguments>
<status status="PASS" starttime="20190906 00:09:38.086" endtime="20190906 00:09:38.091"></status>
</kw>
<status status="PASS" starttime="20190906 00:09:38.074" endtime="20190906 00:09:38.092"></status>
</kw>
<kw name="${link} = &lt;selenium.webdriver.remote.webelement.WebElement (session=&quot;72c62427a71c2f9a300e6d11c2b4a599&quot;, element=&quot;40b2d161-df40-4127-af90-5cd9df1a332e&quot;)&gt;" type="foritem">
<kw name="Get Text" library="SeleniumLibrary">
<doc>Returns the text value of element identified by ``locator``.</doc>
<arguments>
<arg>${link}</arg>
</arguments>
<assign>
<var>${text}</var>
</assign>
<msg timestamp="20190906 00:09:38.103" level="INFO">${text} = LT「データまえしょりすとのためのpytest入門」@みんなのPython勉強会#46 ...</msg>
<status status="PASS" starttime="20190906 00:09:38.092" endtime="20190906 00:09:38.103"></status>
</kw>
<kw name="Log To Console" library="BuiltIn">
<doc>Logs the given message to the console.</doc>
<arguments>
<arg>${text}</arg>
</arguments>
<status status="PASS" starttime="20190906 00:09:38.103" endtime="20190906 00:09:38.108"></status>
</kw>
<status status="PASS" starttime="20190906 00:09:38.092" endtime="20190906 00:09:38.108"></status>
</kw>
<status status="PASS" starttime="20190906 00:09:37.996" endtime="20190906 00:09:38.108"></status>
</kw>
<status status="PASS" starttime="20190906 00:09:37.996" endtime="20190906 00:09:38.108"></status>
</kw>
<kw name="結果${links}は7件である" library="keywords">
<kw name="Length Should Be" library="BuiltIn">
<doc>Verifies that the length of the given item is correct.</doc>
<arguments>
<arg>${links}</arg>
<arg>${result_num}</arg>
</arguments>
<msg timestamp="20190906 00:09:38.110" level="INFO">Length is 7</msg>
<status status="PASS" starttime="20190906 00:09:38.109" endtime="20190906 00:09:38.110"></status>
</kw>
<status status="PASS" starttime="20190906 00:09:38.109" endtime="20190906 00:09:38.110"></status>
</kw>
<kw name="一番上のリンクをクリックする" library="keywords">
<arguments>
<arg>link=@{links}[0]</arg>
</arguments>
<kw name="Click Element" library="SeleniumLibrary">
<doc>Click element identified by ``locator``.</doc>
<arguments>
<arg>${link}</arg>
</arguments>
<msg timestamp="20190906 00:09:38.110" level="INFO">Clicking element '&lt;selenium.webdriver.remote.webelement.WebElement (session="72c62427a71c2f9a300e6d11c2b4a599", element="eb72799d-1651-43d4-8e31-b7815c72cede")&gt;'.</msg>
<status status="PASS" starttime="20190906 00:09:38.110" endtime="20190906 00:09:41.651"></status>
</kw>
<status status="PASS" starttime="20190906 00:09:38.110" endtime="20190906 00:09:41.651"></status>
</kw>
<kw name="ページタイトルをコンソールに出力する" library="keywords">
<arguments>
<arg>title=Get title</arg>
</arguments>
<kw name="Log To Console" library="BuiltIn">
<doc>Logs the given message to the console.</doc>
<arguments>
<arg>${title}</arg>
</arguments>
<status status="PASS" starttime="20190906 00:09:41.654" endtime="20190906 00:09:41.655"></status>
</kw>
<status status="PASS" starttime="20190906 00:09:41.654" endtime="20190906 00:09:41.655"></status>
</kw>
<kw name="ブラウザを閉じる" library="keywords">
<kw name="Close Browser" library="SeleniumLibrary">
<doc>Closes the current browser.</doc>
<status status="PASS" starttime="20190906 00:09:41.656" endtime="20190906 00:09:43.744"></status>
</kw>
<status status="PASS" starttime="20190906 00:09:41.655" endtime="20190906 00:09:43.744"></status>
</kw>
<status status="PASS" starttime="20190906 00:09:27.144" endtime="20190906 00:09:43.745" critical="yes"></status>
</test>
<doc>Google検索テスト</doc>
<status status="PASS" starttime="20190906 00:09:26.976" endtime="20190906 00:09:43.755"></status>
</suite>
<statistics>
<total>
<stat pass="1" fail="0">Critical Tests</stat>
<stat pass="1" fail="0">All Tests</stat>
</total>
<tag>
</tag>
<suite>
<stat pass="1" fail="0" id="s1" name="Test">Test</stat>
</suite>
</statistics>
<errors>
</errors>
</robot>
